"polygons" in: drc_freepdk45.lydrc:48
    Polygons (raw): 8 (flat)  4 (hierarchical)
    Elapsed: 0.010s  Memory: 576.00M
"polygons" in: drc_freepdk45.lydrc:49
    Polygons (raw): 2 (flat)  1 (hierarchical)
    Elapsed: 0.010s  Memory: 576.00M
"polygons" in: drc_freepdk45.lydrc:50
    Polygons (raw): 2 (flat)  1 (hierarchical)
    Elapsed: 0.010s  Memory: 576.00M
"polygons" in: drc_freepdk45.lydrc:51
    Polygons (raw): 4 (flat)  2 (hierarchical)
    Elapsed: 0.010s  Memory: 576.00M
"polygons" in: drc_freepdk45.lydrc:52
    Polygons (raw): 4 (flat)  2 (hierarchical)
    Elapsed: 0.010s  Memory: 576.00M
"polygons" in: drc_freepdk45.lydrc:53
    Polygons (raw): 2 (flat)  1 (hierarchical)
    Elapsed: 0.030s  Memory: 576.00M
"polygons" in: drc_freepdk45.lydrc:54
    Polygons (raw): 0 (flat)  0 (hierarchical)
    Elapsed: 0.010s  Memory: 576.00M
"polygons" in: drc_freepdk45.lydrc:55
    Polygons (raw): 0 (flat)  0 (hierarchical)
    Elapsed: 0.010s  Memory: 576.00M
"polygons" in: drc_freepdk45.lydrc:56
    Polygons (raw): 2 (flat)  1 (hierarchical)
    Elapsed: 0.010s  Memory: 576.00M
"polygons" in: drc_freepdk45.lydrc:57
    Polygons (raw): 14 (flat)  7 (hierarchical)
    Elapsed: 0.010s  Memory: 576.00M
"polygons" in: drc_freepdk45.lydrc:58
    Polygons (raw): 9 (flat)  5 (hierarchical)
    Elapsed: 0.020s  Memory: 576.00M
"polygons" in: drc_freepdk45.lydrc:59
    Polygons (raw): 0 (flat)  0 (hierarchical)
    Elapsed: 0.020s  Memory: 576.00M
"polygons" in: drc_freepdk45.lydrc:60
    Polygons (raw): 0 (flat)  0 (hierarchical)
    Elapsed: 0.000s  Memory: 576.00M
"polygons" in: drc_freepdk45.lydrc:61
    Polygons (raw): 0 (flat)  0 (hierarchical)
    Elapsed: 0.010s  Memory: 576.00M
"polygons" in: drc_freepdk45.lydrc:62
    Polygons (raw): 0 (flat)  0 (hierarchical)
    Elapsed: 0.020s  Memory: 576.00M
"polygons" in: drc_freepdk45.lydrc:63
    Polygons (raw): 0 (flat)  0 (hierarchical)
    Elapsed: 0.010s  Memory: 576.00M
"polygons" in: drc_freepdk45.lydrc:64
    Polygons (raw): 0 (flat)  0 (hierarchical)
    Elapsed: 0.010s  Memory: 576.00M
"polygons" in: drc_freepdk45.lydrc:65
    Polygons (raw): 0 (flat)  0 (hierarchical)
    Elapsed: 0.010s  Memory: 576.00M
"polygons" in: drc_freepdk45.lydrc:66
    Polygons (raw): 0 (flat)  0 (hierarchical)
    Elapsed: 0.010s  Memory: 576.00M
"polygons" in: drc_freepdk45.lydrc:67
    Polygons (raw): 0 (flat)  0 (hierarchical)
    Elapsed: 0.010s  Memory: 576.00M
"polygons" in: drc_freepdk45.lydrc:68
    Polygons (raw): 0 (flat)  0 (hierarchical)
    Elapsed: 0.010s  Memory: 576.00M
"polygons" in: drc_freepdk45.lydrc:69
    Polygons (raw): 0 (flat)  0 (hierarchical)
    Elapsed: 0.010s  Memory: 576.00M
"polygons" in: drc_freepdk45.lydrc:70
    Polygons (raw): 0 (flat)  0 (hierarchical)
    Elapsed: 0.010s  Memory: 576.00M
"polygons" in: drc_freepdk45.lydrc:71
    Polygons (raw): 0 (flat)  0 (hierarchical)
    Elapsed: 0.020s  Memory: 576.00M
"polygons" in: drc_freepdk45.lydrc:72
    Polygons (raw): 0 (flat)  0 (hierarchical)
    Elapsed: 0.010s  Memory: 576.00M
"polygons" in: drc_freepdk45.lydrc:73
    Polygons (raw): 0 (flat)  0 (hierarchical)
    Elapsed: 0.020s  Memory: 576.00M
"polygons" in: drc_freepdk45.lydrc:74
    Polygons (raw): 0 (flat)  0 (hierarchical)
    Elapsed: 0.010s  Memory: 576.00M
"polygons" in: drc_freepdk45.lydrc:75
    Polygons (raw): 0 (flat)  0 (hierarchical)
    Elapsed: 0.010s  Memory: 576.00M
"polygons" in: drc_freepdk45.lydrc:76
    Polygons (raw): 0 (flat)  0 (hierarchical)
    Elapsed: 0.010s  Memory: 576.00M
"or" in: drc_freepdk45.lydrc:79
    Polygons (raw): 1 (flat)  1 (hierarchical)
    Elapsed: 0.020s  Memory: 576.00M
"&" in: drc_freepdk45.lydrc:80
    Polygons (raw): 4 (flat)  2 (hierarchical)
    Elapsed: 0.010s  Memory: 1120.00M
"or" in: drc_freepdk45.lydrc:81
    Polygons (raw): 8 (flat)  4 (hierarchical)
    Elapsed: 0.010s  Memory: 1120.00M
DRC section
"and" in: drc_freepdk45.lydrc:95
    Polygons (raw): 0 (flat)  0 (hierarchical)
    Elapsed: 0.010s  Memory: 1120.00M
"output" in: drc_freepdk45.lydrc:95
    Polygons (raw): 0 (flat)  0 (hierarchical)
    Elapsed: 0.010s  Memory: 1120.00M
"space" in: drc_freepdk45.lydrc:97
    Edge pairs: 0 (flat)  0 (hierarchical)
    Elapsed: 0.020s  Memory: 1120.00M
"output" in: drc_freepdk45.lydrc:97
    Edge pairs: 0 (flat)  0 (hierarchical)
    Elapsed: 0.010s  Memory: 1120.00M
"space" in: drc_freepdk45.lydrc:98
    Edge pairs: 0 (flat)  0 (hierarchical)
    Elapsed: 0.020s  Memory: 1120.00M
"output" in: drc_freepdk45.lydrc:98
    Edge pairs: 0 (flat)  0 (hierarchical)
    Elapsed: 0.020s  Memory: 1120.00M
"separation" in: drc_freepdk45.lydrc:99
    Edge pairs: 0 (flat)  0 (hierarchical)
    Elapsed: 0.020s  Memory: 1120.00M
"output" in: drc_freepdk45.lydrc:99
    Edge pairs: 0 (flat)  0 (hierarchical)
    Elapsed: 0.020s  Memory: 1120.00M
"not" in: drc_freepdk45.lydrc:100
    Polygons (raw): 0 (flat)  0 (hierarchical)
    Elapsed: 0.030s  Memory: 1120.00M
"output" in: drc_freepdk45.lydrc:100
    Polygons (raw): 0 (flat)  0 (hierarchical)
    Elapsed: 0.010s  Memory: 1120.00M
"not" in: drc_freepdk45.lydrc:101
    Polygons (raw): 0 (flat)  0 (hierarchical)
    Elapsed: 0.020s  Memory: 1120.00M
"output" in: drc_freepdk45.lydrc:101
    Polygons (raw): 0 (flat)  0 (hierarchical)
    Elapsed: 0.020s  Memory: 1120.00M
"width" in: drc_freepdk45.lydrc:104
    Edge pairs: 0 (flat)  0 (hierarchical)
    Elapsed: 0.030s  Memory: 1120.00M
"output" in: drc_freepdk45.lydrc:104
    Edge pairs: 0 (flat)  0 (hierarchical)
    Elapsed: 0.020s  Memory: 1120.00M
"separation" in: drc_freepdk45.lydrc:105
    Edge pairs: 2 (flat)  1 (hierarchical)
    Elapsed: 0.040s  Memory: 1120.00M
"enclosing" in: drc_freepdk45.lydrc:110
    Edge pairs: 8 (flat)  4 (hierarchical)
    Elapsed: 0.040s  Memory: 1120.00M
"polygons" in: drc_freepdk45.lydrc:110
    Polygons (raw): 0 (flat)  0 (hierarchical)
    Elapsed: 0.030s  Memory: 1120.00M
"without_area" in: drc_freepdk45.lydrc:110
    Polygons (raw): 0 (flat)  0 (hierarchical)
    Elapsed: 0.020s  Memory: 1120.00M
"output" in: drc_freepdk45.lydrc:110
    Polygons (raw): 0 (flat)  0 (hierarchical)
    Elapsed: 0.030s  Memory: 1120.00M
"enclosing" in: drc_freepdk45.lydrc:111
    Edge pairs: 8 (flat)  4 (hierarchical)
    Elapsed: 0.030s  Memory: 1120.00M
"polygons" in: drc_freepdk45.lydrc:111
    Polygons (raw): 0 (flat)  0 (hierarchical)
    Elapsed: 0.030s  Memory: 1120.00M
"without_area" in: drc_freepdk45.lydrc:111
    Polygons (raw): 0 (flat)  0 (hierarchical)
    Elapsed: 0.030s  Memory: 1120.00M
"output" in: drc_freepdk45.lydrc:111
    Polygons (raw): 0 (flat)  0 (hierarchical)
    Elapsed: 0.020s  Memory: 1120.00M
"not" in: drc_freepdk45.lydrc:112
    Polygons (raw): 6 (flat)  3 (hierarchical)
    Elapsed: 0.040s  Memory: 1120.00M
"separation" in: drc_freepdk45.lydrc:112
    Edge pairs: 8 (flat)  4 (hierarchical)
    Elapsed: 0.030s  Memory: 1120.00M
"polygons" in: drc_freepdk45.lydrc:112
    Polygons (raw): 0 (flat)  0 (hierarchical)
    Elapsed: 0.020s  Memory: 1120.00M
"without_area" in: drc_freepdk45.lydrc:112
    Polygons (raw): 0 (flat)  0 (hierarchical)
    Elapsed: 0.030s  Memory: 1120.00M
"output" in: drc_freepdk45.lydrc:112
    Polygons (raw): 0 (flat)  0 (hierarchical)
    Elapsed: 0.020s  Memory: 1120.00M
"space" in: drc_freepdk45.lydrc:113
    Edge pairs: 0 (flat)  0 (hierarchical)
    Elapsed: 0.020s  Memory: 1120.00M
"output" in: drc_freepdk45.lydrc:113
    Edge pairs: 0 (flat)  0 (hierarchical)
    Elapsed: 0.030s  Memory: 1120.00M
"width" in: drc_freepdk45.lydrc:116
    Edge pairs: 8 (flat)  4 (hierarchical)
    Elapsed: 0.030s  Memory: 1120.00M
"output" in: drc_freepdk45.lydrc:116
    Edge pairs: 8 (flat)  4 (hierarchical)
    Elapsed: 0.020s  Memory: 1120.00M
"space" in: drc_freepdk45.lydrc:117
    Edge pairs: 0 (flat)  0 (hierarchical)
    Elapsed: 0.030s  Memory: 1120.00M
"output" in: drc_freepdk45.lydrc:117
    Edge pairs: 0 (flat)  0 (hierarchical)
    Elapsed: 0.020s  Memory: 1120.00M
"enclosing" in: drc_freepdk45.lydrc:118
    Edge pairs: 0 (flat)  0 (hierarchical)
    Elapsed: 0.020s  Memory: 1120.00M
"output" in: drc_freepdk45.lydrc:118
    Edge pairs: 0 (flat)  0 (hierarchical)
    Elapsed: 0.030s  Memory: 1120.00M
"not" in: drc_freepdk45.lydrc:119
    Polygons (raw): 0 (flat)  0 (hierarchical)
    Elapsed: 0.020s  Memory: 1120.00M
"output" in: drc_freepdk45.lydrc:119
    Polygons (raw): 0 (flat)  0 (hierarchical)
    Elapsed: 0.020s  Memory: 1120.00M
"separation" in: drc_freepdk45.lydrc:122
    Edge pairs: 0 (flat)  0 (hierarchical)
    Elapsed: 0.020s  Memory: 1120.00M
"polygons" in: drc_freepdk45.lydrc:122
    Polygons (raw): 0 (flat)  0 (hierarchical)
    Elapsed: 0.030s  Memory: 1120.00M
"without_area" in: drc_freepdk45.lydrc:122
    Polygons (raw): 0 (flat)  0 (hierarchical)
    Elapsed: 0.020s  Memory: 1120.00M
"output" in: drc_freepdk45.lydrc:122
    Polygons (raw): 0 (flat)  0 (hierarchical)
    Elapsed: 0.020s  Memory: 1120.00M
"separation" in: drc_freepdk45.lydrc:123
    Edge pairs: 0 (flat)  0 (hierarchical)
    Elapsed: 0.030s  Memory: 1120.00M
"polygons" in: drc_freepdk45.lydrc:123
    Polygons (raw): 0 (flat)  0 (hierarchical)
    Elapsed: 0.030s  Memory: 1120.00M
"without_area" in: drc_freepdk45.lydrc:123
    Polygons (raw): 0 (flat)  0 (hierarchical)
    Elapsed: 0.020s  Memory: 1120.00M
"output" in: drc_freepdk45.lydrc:123
    Polygons (raw): 0 (flat)  0 (hierarchical)
    Elapsed: 0.020s  Memory: 1120.00M
"width" in: drc_freepdk45.lydrc:124
    Edge pairs: 0 (flat)  0 (hierarchical)
    Elapsed: 0.020s  Memory: 1120.00M
"output" in: drc_freepdk45.lydrc:124
    Edge pairs: 0 (flat)  0 (hierarchical)
    Elapsed: 0.030s  Memory: 1120.00M
"space" in: drc_freepdk45.lydrc:125
    Edge pairs: 0 (flat)  0 (hierarchical)
    Elapsed: 0.030s  Memory: 1120.00M
"output" in: drc_freepdk45.lydrc:125
    Edge pairs: 0 (flat)  0 (hierarchical)
    Elapsed: 0.030s  Memory: 1120.00M
"and" in: drc_freepdk45.lydrc:126
    Polygons (raw): 0 (flat)  0 (hierarchical)
    Elapsed: 0.030s  Memory: 1120.00M
"output" in: drc_freepdk45.lydrc:126
    Polygons (raw): 0 (flat)  0 (hierarchical)
    Elapsed: 0.020s  Memory: 1120.00M
"edges" in: drc_freepdk45.lydrc:130
    Edges: 56 (flat)  28 (hierarchical)
    Elapsed: 0.030s  Memory: 1120.00M
"without_length" in: drc_freepdk45.lydrc:130
    Edges: 0 (flat)  0 (hierarchical)
    Elapsed: 0.020s  Memory: 1120.00M
"output" in: drc_freepdk45.lydrc:130
    Edges: 0 (flat)  0 (hierarchical)
    Elapsed: 0.030s  Memory: 1120.00M
"space" in: drc_freepdk45.lydrc:131
    Edge pairs: 0 (flat)  0 (hierarchical)
    Elapsed: 0.030s  Memory: 1120.00M
"output" in: drc_freepdk45.lydrc:131
    Edge pairs: 0 (flat)  0 (hierarchical)
    Elapsed: 0.020s  Memory: 1120.00M
"not" in: drc_freepdk45.lydrc:132
    Polygons (raw): 2 (flat)  1 (hierarchical)
    Elapsed: 0.030s  Memory: 1120.00M
"not" in: drc_freepdk45.lydrc:132
    Polygons (raw): 0 (flat)  0 (hierarchical)
    Elapsed: 0.030s  Memory: 1120.00M
"not" in: drc_freepdk45.lydrc:132
    Polygons (raw): 0 (flat)  0 (hierarchical)
    Elapsed: 0.020s  Memory: 1120.00M
"output" in: drc_freepdk45.lydrc:132
    Polygons (raw): 0 (flat)  0 (hierarchical)
    Elapsed: 0.030s  Memory: 1120.00M
"enclosing" in: drc_freepdk45.lydrc:133
    Edge pairs: 0 (flat)  0 (hierarchical)
    Elapsed: 0.030s  Memory: 1120.00M
"output" in: drc_freepdk45.lydrc:133
    Edge pairs: 0 (flat)  0 (hierarchical)
    Elapsed: 0.030s  Memory: 1120.00M
"enclosing" in: drc_freepdk45.lydrc:134
    Edge pairs: 0 (flat)  0 (hierarchical)
    Elapsed: 0.030s  Memory: 1120.00M
"output" in: drc_freepdk45.lydrc:134
    Edge pairs: 0 (flat)  0 (hierarchical)
    Elapsed: 0.030s  Memory: 1120.00M
"separation" in: drc_freepdk45.lydrc:135
    Edge pairs: 0 (flat)  0 (hierarchical)
    Elapsed: 0.040s  Memory: 1120.00M
"output" in: drc_freepdk45.lydrc:135
    Edge pairs: 0 (flat)  0 (hierarchical)
    Elapsed: 0.020s  Memory: 1120.00M
"width" in: drc_freepdk45.lydrc:138
    Edge pairs: 0 (flat)  0 (hierarchical)
    Elapsed: 0.030s  Memory: 1120.00M
"output" in: drc_freepdk45.lydrc:138
    Edge pairs: 0 (flat)  0 (hierarchical)
    Elapsed: 0.030s  Memory: 1120.00M
"space" in: drc_freepdk45.lydrc:139
    Edge pairs: 0 (flat)  0 (hierarchical)
    Elapsed: 0.020s  Memory: 1120.00M
"output" in: drc_freepdk45.lydrc:139
    Edge pairs: 0 (flat)  0 (hierarchical)
    Elapsed: 0.020s  Memory: 1120.00M
"enclosing" in: drc_freepdk45.lydrc:140
    Edge pairs: 28 (flat)  24 (hierarchical)
    Elapsed: 0.040s  Memory: 1120.00M
"second_edges" in: drc_freepdk45.lydrc:140
    Edges: 28 (flat)  24 (hierarchical)
    Elapsed: 0.020s  Memory: 1120.00M
"width" in: drc_freepdk45.lydrc:141
    Edge pairs: 0 (flat)  0 (hierarchical)
    Elapsed: 0.040s  Memory: 1120.00M
"polygons" in: drc_freepdk45.lydrc:143
    Polygons (raw): 0 (flat)  0 (hierarchical)
    Elapsed: 0.030s  Memory: 1120.00M
"interacting" in: drc_freepdk45.lydrc:143
    Polygons (raw): 0 (flat)  0 (hierarchical)
    Elapsed: 0.030s  Memory: 1120.00M
"output" in: drc_freepdk45.lydrc:143
    Polygons (raw): 0 (flat)  0 (hierarchical)
    Elapsed: 0.020s  Memory: 1120.00M
"enclosing" in: drc_freepdk45.lydrc:145
    Edge pairs: 0 (flat)  0 (hierarchical)
    Elapsed: 0.030s  Memory: 1120.00M
"second_edges" in: drc_freepdk45.lydrc:145
    Edges: 0 (flat)  0 (hierarchical)
    Elapsed: 0.020s  Memory: 1120.00M
"width" in: drc_freepdk45.lydrc:146
    Edge pairs: 0 (flat)  0 (hierarchical)
    Elapsed: 0.020s  Memory: 1120.00M
"polygons" in: drc_freepdk45.lydrc:148
    Polygons (raw): 0 (flat)  0 (hierarchical)
    Elapsed: 0.030s  Memory: 1120.00M
"interacting" in: drc_freepdk45.lydrc:148
    Polygons (raw): 0 (flat)  0 (hierarchical)
    Elapsed: 0.030s  Memory: 1120.00M
"output" in: drc_freepdk45.lydrc:148
    Polygons (raw): 0 (flat)  0 (hierarchical)
    Elapsed: 0.020s  Memory: 1120.00M
"sized" in: drc_freepdk45.lydrc:91
    Polygons (raw): 0 (flat)  0 (hierarchical)
    Elapsed: 0.030s  Memory: 1120.00M
"sized" in: drc_freepdk45.lydrc:91
    Polygons (raw): 0 (flat)  0 (hierarchical)
    Elapsed: 0.020s  Memory: 1120.00M
"sized" in: drc_freepdk45.lydrc:91
    Polygons (raw): 0 (flat)  0 (hierarchical)
    Elapsed: 0.020s  Memory: 1120.00M
"sized" in: drc_freepdk45.lydrc:91
    Polygons (raw): 0 (flat)  0 (hierarchical)
    Elapsed: 0.020s  Memory: 1120.00M
"sized" in: drc_freepdk45.lydrc:91
    Polygons (raw): 0 (flat)  0 (hierarchical)
    Elapsed: 0.020s  Memory: 1120.00M
"sized" in: drc_freepdk45.lydrc:91
    Polygons (raw): 0 (flat)  0 (hierarchical)
    Elapsed: 0.020s  Memory: 1120.00M
"sized" in: drc_freepdk45.lydrc:91
    Polygons (raw): 0 (flat)  0 (hierarchical)
    Elapsed: 0.020s  Memory: 1120.00M
"sized" in: drc_freepdk45.lydrc:91
    Polygons (raw): 0 (flat)  0 (hierarchical)
    Elapsed: 0.020s  Memory: 1120.00M
"sized" in: drc_freepdk45.lydrc:91
    Polygons (raw): 0 (flat)  0 (hierarchical)
    Elapsed: 0.020s  Memory: 1120.00M
"sized" in: drc_freepdk45.lydrc:91
    Polygons (raw): 0 (flat)  0 (hierarchical)
    Elapsed: 0.020s  Memory: 1120.00M
"edges" in: drc_freepdk45.lydrc:151
    Edges: 0 (flat)  0 (hierarchical)
    Elapsed: 0.020s  Memory: 1120.00M
"with_length" in: drc_freepdk45.lydrc:151
    Edges: 0 (flat)  0 (hierarchical)
    Elapsed: 0.020s  Memory: 1120.00M
"space" in: drc_freepdk45.lydrc:151
    Edge pairs: 0 (flat)  0 (hierarchical)
    Elapsed: 0.020s  Memory: 1120.00M
"output" in: drc_freepdk45.lydrc:151
    Edge pairs: 0 (flat)  0 (hierarchical)
    Elapsed: 0.020s  Memory: 1120.00M
"edges" in: drc_freepdk45.lydrc:152
    Edges: 0 (flat)  0 (hierarchical)
    Elapsed: 0.020s  Memory: 1120.00M
"with_length" in: drc_freepdk45.lydrc:152
    Edges: 0 (flat)  0 (hierarchical)
    Elapsed: 0.020s  Memory: 1120.00M
"space" in: drc_freepdk45.lydrc:152
    Edge pairs: 0 (flat)  0 (hierarchical)
    Elapsed: 0.030s  Memory: 1120.00M
"output" in: drc_freepdk45.lydrc:152
    Edge pairs: 0 (flat)  0 (hierarchical)
    Elapsed: 0.030s  Memory: 1120.00M
"edges" in: drc_freepdk45.lydrc:153
    Edges: 0 (flat)  0 (hierarchical)
    Elapsed: 0.020s  Memory: 1120.00M
"with_length" in: drc_freepdk45.lydrc:153
    Edges: 0 (flat)  0 (hierarchical)
    Elapsed: 0.030s  Memory: 1120.00M
"space" in: drc_freepdk45.lydrc:153
    Edge pairs: 0 (flat)  0 (hierarchical)
    Elapsed: 0.030s  Memory: 1120.00M
"output" in: drc_freepdk45.lydrc:153
    Edge pairs: 0 (flat)  0 (hierarchical)
    Elapsed: 0.030s  Memory: 1120.00M
"edges" in: drc_freepdk45.lydrc:154
    Edges: 0 (flat)  0 (hierarchical)
    Elapsed: 0.030s  Memory: 1120.00M
"with_length" in: drc_freepdk45.lydrc:154
    Edges: 0 (flat)  0 (hierarchical)
    Elapsed: 0.030s  Memory: 1120.00M
"space" in: drc_freepdk45.lydrc:154
    Edge pairs: 0 (flat)  0 (hierarchical)
    Elapsed: 0.030s  Memory: 1120.00M
"output" in: drc_freepdk45.lydrc:154
    Edge pairs: 0 (flat)  0 (hierarchical)
    Elapsed: 0.020s  Memory: 1120.00M
"edges" in: drc_freepdk45.lydrc:155
    Edges: 0 (flat)  0 (hierarchical)
    Elapsed: 0.030s  Memory: 1120.00M
"with_length" in: drc_freepdk45.lydrc:155
    Edges: 0 (flat)  0 (hierarchical)
    Elapsed: 0.020s  Memory: 1120.00M
"space" in: drc_freepdk45.lydrc:155
    Edge pairs: 0 (flat)  0 (hierarchical)
    Elapsed: 0.020s  Memory: 1120.00M
"output" in: drc_freepdk45.lydrc:155
    Edge pairs: 0 (flat)  0 (hierarchical)
    Elapsed: 0.020s  Memory: 1120.00M
"edges" in: drc_freepdk45.lydrc:159
    Edges: 0 (flat)  0 (hierarchical)
    Elapsed: 0.030s  Memory: 1120.00M
"without_length" in: drc_freepdk45.lydrc:159
    Edges: 0 (flat)  0 (hierarchical)
    Elapsed: 0.030s  Memory: 1120.00M
"output" in: drc_freepdk45.lydrc:159
    Edges: 0 (flat)  0 (hierarchical)
    Elapsed: 0.010s  Memory: 1120.00M
"space" in: drc_freepdk45.lydrc:160
    Edge pairs: 0 (flat)  0 (hierarchical)
    Elapsed: 0.030s  Memory: 1120.00M
"output" in: drc_freepdk45.lydrc:160
    Edge pairs: 0 (flat)  0 (hierarchical)
    Elapsed: 0.030s  Memory: 1120.00M
"not" in: drc_freepdk45.lydrc:161
    Polygons (raw): 0 (flat)  0 (hierarchical)
    Elapsed: 0.020s  Memory: 1120.00M
"output" in: drc_freepdk45.lydrc:161
    Polygons (raw): 0 (flat)  0 (hierarchical)
    Elapsed: 0.030s  Memory: 1120.00M
"not" in: drc_freepdk45.lydrc:162
    Polygons (raw): 0 (flat)  0 (hierarchical)
    Elapsed: 0.020s  Memory: 1120.00M
"output" in: drc_freepdk45.lydrc:162
    Polygons (raw): 0 (flat)  0 (hierarchical)
    Elapsed: 0.020s  Memory: 1120.00M
"width" in: drc_freepdk45.lydrc:165
    Edge pairs: 0 (flat)  0 (hierarchical)
    Elapsed: 0.020s  Memory: 1120.00M
"output" in: drc_freepdk45.lydrc:165
    Edge pairs: 0 (flat)  0 (hierarchical)
    Elapsed: 0.020s  Memory: 1120.00M
"space" in: drc_freepdk45.lydrc:166
    Edge pairs: 0 (flat)  0 (hierarchical)
    Elapsed: 0.030s  Memory: 1120.00M
"output" in: drc_freepdk45.lydrc:166
    Edge pairs: 0 (flat)  0 (hierarchical)
    Elapsed: 0.030s  Memory: 1120.00M
"enclosing" in: drc_freepdk45.lydrc:167
    Edge pairs: 0 (flat)  0 (hierarchical)
    Elapsed: 0.030s  Memory: 1120.00M
"second_edges" in: drc_freepdk45.lydrc:167
    Edges: 0 (flat)  0 (hierarchical)
    Elapsed: 0.010s  Memory: 1120.00M
"width" in: drc_freepdk45.lydrc:168
    Edge pairs: 0 (flat)  0 (hierarchical)
    Elapsed: 0.030s  Memory: 1120.00M
"polygons" in: drc_freepdk45.lydrc:170
    Polygons (raw): 0 (flat)  0 (hierarchical)
    Elapsed: 0.030s  Memory: 1120.00M
"interacting" in: drc_freepdk45.lydrc:170
    Polygons (raw): 0 (flat)  0 (hierarchical)
    Elapsed: 0.020s  Memory: 1120.00M
"output" in: drc_freepdk45.lydrc:170
    Polygons (raw): 0 (flat)  0 (hierarchical)
    Elapsed: 0.030s  Memory: 1120.00M
"enclosing" in: drc_freepdk45.lydrc:172
    Edge pairs: 0 (flat)  0 (hierarchical)
    Elapsed: 0.020s  Memory: 1120.00M
"second_edges" in: drc_freepdk45.lydrc:172
    Edges: 0 (flat)  0 (hierarchical)
    Elapsed: 0.030s  Memory: 1120.00M
"width" in: drc_freepdk45.lydrc:173
    Edge pairs: 0 (flat)  0 (hierarchical)
    Elapsed: 0.020s  Memory: 1120.00M
"polygons" in: drc_freepdk45.lydrc:175
    Polygons (raw): 0 (flat)  0 (hierarchical)
    Elapsed: 0.020s  Memory: 1120.00M
"interacting" in: drc_freepdk45.lydrc:175
    Polygons (raw): 0 (flat)  0 (hierarchical)
    Elapsed: 0.020s  Memory: 1120.00M
"output" in: drc_freepdk45.lydrc:175
    Polygons (raw): 0 (flat)  0 (hierarchical)
    Elapsed: 0.030s  Memory: 1120.00M
"sized" in: drc_freepdk45.lydrc:91
    Polygons (raw): 0 (flat)  0 (hierarchical)
    Elapsed: 0.020s  Memory: 1120.00M
"sized" in: drc_freepdk45.lydrc:91
    Polygons (raw): 0 (flat)  0 (hierarchical)
    Elapsed: 0.020s  Memory: 1120.00M
"sized" in: drc_freepdk45.lydrc:91
    Polygons (raw): 0 (flat)  0 (hierarchical)
    Elapsed: 0.020s  Memory: 1120.00M
"sized" in: drc_freepdk45.lydrc:91
    Polygons (raw): 0 (flat)  0 (hierarchical)
    Elapsed: 0.020s  Memory: 1120.00M
"sized" in: drc_freepdk45.lydrc:91
    Polygons (raw): 0 (flat)  0 (hierarchical)
    Elapsed: 0.020s  Memory: 1120.00M
"sized" in: drc_freepdk45.lydrc:91
    Polygons (raw): 0 (flat)  0 (hierarchical)
    Elapsed: 0.020s  Memory: 1120.00M
"sized" in: drc_freepdk45.lydrc:91
    Polygons (raw): 0 (flat)  0 (hierarchical)
    Elapsed: 0.030s  Memory: 1120.00M
"sized" in: drc_freepdk45.lydrc:91
    Polygons (raw): 0 (flat)  0 (hierarchical)
    Elapsed: 0.020s  Memory: 1120.00M
"sized" in: drc_freepdk45.lydrc:91
    Polygons (raw): 0 (flat)  0 (hierarchical)
    Elapsed: 0.030s  Memory: 1120.00M
"sized" in: drc_freepdk45.lydrc:91
    Polygons (raw): 0 (flat)  0 (hierarchical)
    Elapsed: 0.010s  Memory: 1120.00M
"edges" in: drc_freepdk45.lydrc:178
    Edges: 0 (flat)  0 (hierarchical)
    Elapsed: 0.040s  Memory: 1120.00M
"with_length" in: drc_freepdk45.lydrc:178
    Edges: 0 (flat)  0 (hierarchical)
    Elapsed: 0.020s  Memory: 1120.00M
"space" in: drc_freepdk45.lydrc:178
    Edge pairs: 0 (flat)  0 (hierarchical)
    Elapsed: 0.020s  Memory: 1120.00M
"output" in: drc_freepdk45.lydrc:178
    Edge pairs: 0 (flat)  0 (hierarchical)
    Elapsed: 0.030s  Memory: 1120.00M
"edges" in: drc_freepdk45.lydrc:179
    Edges: 0 (flat)  0 (hierarchical)
    Elapsed: 0.020s  Memory: 1120.00M
"with_length" in: drc_freepdk45.lydrc:179
    Edges: 0 (flat)  0 (hierarchical)
    Elapsed: 0.020s  Memory: 1120.00M
"space" in: drc_freepdk45.lydrc:179
    Edge pairs: 0 (flat)  0 (hierarchical)
    Elapsed: 0.030s  Memory: 1120.00M
"output" in: drc_freepdk45.lydrc:179
    Edge pairs: 0 (flat)  0 (hierarchical)
    Elapsed: 0.020s  Memory: 1120.00M
"edges" in: drc_freepdk45.lydrc:180
    Edges: 0 (flat)  0 (hierarchical)
    Elapsed: 0.030s  Memory: 1120.00M
"with_length" in: drc_freepdk45.lydrc:180
    Edges: 0 (flat)  0 (hierarchical)
    Elapsed: 0.030s  Memory: 1120.00M
"space" in: drc_freepdk45.lydrc:180
    Edge pairs: 0 (flat)  0 (hierarchical)
    Elapsed: 0.020s  Memory: 1120.00M
"output" in: drc_freepdk45.lydrc:180
    Edge pairs: 0 (flat)  0 (hierarchical)
    Elapsed: 0.020s  Memory: 1120.00M
"edges" in: drc_freepdk45.lydrc:181
    Edges: 0 (flat)  0 (hierarchical)
    Elapsed: 0.030s  Memory: 1120.00M
"with_length" in: drc_freepdk45.lydrc:181
    Edges: 0 (flat)  0 (hierarchical)
    Elapsed: 0.020s  Memory: 1120.00M
"space" in: drc_freepdk45.lydrc:181
    Edge pairs: 0 (flat)  0 (hierarchical)
    Elapsed: 0.040s  Memory: 1120.00M
"output" in: drc_freepdk45.lydrc:181
    Edge pairs: 0 (flat)  0 (hierarchical)
    Elapsed: 0.020s  Memory: 1120.00M
"edges" in: drc_freepdk45.lydrc:182
    Edges: 0 (flat)  0 (hierarchical)
    Elapsed: 0.030s  Memory: 1120.00M
"with_length" in: drc_freepdk45.lydrc:182
    Edges: 0 (flat)  0 (hierarchical)
    Elapsed: 0.020s  Memory: 1120.00M
"space" in: drc_freepdk45.lydrc:182
    Edge pairs: 0 (flat)  0 (hierarchical)
    Elapsed: 0.030s  Memory: 1120.00M
"output" in: drc_freepdk45.lydrc:182
    Edge pairs: 0 (flat)  0 (hierarchical)
    Elapsed: 0.030s  Memory: 1120.00M
"edges" in: drc_freepdk45.lydrc:186
    Edges: 0 (flat)  0 (hierarchical)
    Elapsed: 0.020s  Memory: 1120.00M
"without_length" in: drc_freepdk45.lydrc:186
    Edges: 0 (flat)  0 (hierarchical)
    Elapsed: 0.020s  Memory: 1120.00M
"output" in: drc_freepdk45.lydrc:186
    Edges: 0 (flat)  0 (hierarchical)
    Elapsed: 0.030s  Memory: 1120.00M
"space" in: drc_freepdk45.lydrc:187
    Edge pairs: 0 (flat)  0 (hierarchical)
    Elapsed: 0.020s  Memory: 1120.00M
"output" in: drc_freepdk45.lydrc:187
    Edge pairs: 0 (flat)  0 (hierarchical)
    Elapsed: 0.020s  Memory: 1120.00M
"not" in: drc_freepdk45.lydrc:188
    Polygons (raw): 0 (flat)  0 (hierarchical)
    Elapsed: 0.020s  Memory: 1120.00M
"output" in: drc_freepdk45.lydrc:188
    Polygons (raw): 0 (flat)  0 (hierarchical)
    Elapsed: 0.010s  Memory: 1120.00M
"not" in: drc_freepdk45.lydrc:189
    Polygons (raw): 0 (flat)  0 (hierarchical)
    Elapsed: 0.010s  Memory: 1120.00M
"output" in: drc_freepdk45.lydrc:189
    Polygons (raw): 0 (flat)  0 (hierarchical)
    Elapsed: 0.010s  Memory: 1120.00M
"width" in: drc_freepdk45.lydrc:192
    Edge pairs: 0 (flat)  0 (hierarchical)
    Elapsed: 0.020s  Memory: 1120.00M
"output" in: drc_freepdk45.lydrc:192
    Edge pairs: 0 (flat)  0 (hierarchical)
    Elapsed: 0.010s  Memory: 1120.00M
"space" in: drc_freepdk45.lydrc:193
    Edge pairs: 0 (flat)  0 (hierarchical)
    Elapsed: 0.020s  Memory: 1120.00M
"output" in: drc_freepdk45.lydrc:193
    Edge pairs: 0 (flat)  0 (hierarchical)
    Elapsed: 0.010s  Memory: 1120.00M
"enclosing" in: drc_freepdk45.lydrc:194
    Edge pairs: 0 (flat)  0 (hierarchical)
    Elapsed: 0.020s  Memory: 1120.00M
"second_edges" in: drc_freepdk45.lydrc:194
    Edges: 0 (flat)  0 (hierarchical)
    Elapsed: 0.010s  Memory: 1120.00M
"width" in: drc_freepdk45.lydrc:195
    Edge pairs: 0 (flat)  0 (hierarchical)
    Elapsed: 0.020s  Memory: 1120.00M
"polygons" in: drc_freepdk45.lydrc:197
    Polygons (raw): 0 (flat)  0 (hierarchical)
    Elapsed: 0.020s  Memory: 1120.00M
"interacting" in: drc_freepdk45.lydrc:197
    Polygons (raw): 0 (flat)  0 (hierarchical)
    Elapsed: 0.040s  Memory: 1120.00M
"output" in: drc_freepdk45.lydrc:197
    Polygons (raw): 0 (flat)  0 (hierarchical)
    Elapsed: 0.030s  Memory: 1120.00M
"enclosing" in: drc_freepdk45.lydrc:199
    Edge pairs: 0 (flat)  0 (hierarchical)
    Elapsed: 0.030s  Memory: 1120.00M
"second_edges" in: drc_freepdk45.lydrc:199
    Edges: 0 (flat)  0 (hierarchical)
    Elapsed: 0.020s  Memory: 1120.00M
"width" in: drc_freepdk45.lydrc:200
    Edge pairs: 0 (flat)  0 (hierarchical)
    Elapsed: 0.030s  Memory: 1120.00M
"polygons" in: drc_freepdk45.lydrc:202
    Polygons (raw): 0 (flat)  0 (hierarchical)
    Elapsed: 0.020s  Memory: 1120.00M
"interacting" in: drc_freepdk45.lydrc:202
    Polygons (raw): 0 (flat)  0 (hierarchical)
    Elapsed: 0.030s  Memory: 1120.00M
"output" in: drc_freepdk45.lydrc:202
    Polygons (raw): 0 (flat)  0 (hierarchical)
    Elapsed: 0.010s  Memory: 1120.00M
"sized" in: drc_freepdk45.lydrc:91
    Polygons (raw): 0 (flat)  0 (hierarchical)
    Elapsed: 0.040s  Memory: 1120.00M
"sized" in: drc_freepdk45.lydrc:91
    Polygons (raw): 0 (flat)  0 (hierarchical)
    Elapsed: 0.020s  Memory: 1120.00M
"sized" in: drc_freepdk45.lydrc:91
    Polygons (raw): 0 (flat)  0 (hierarchical)
    Elapsed: 0.030s  Memory: 1120.00M
"sized" in: drc_freepdk45.lydrc:91
    Polygons (raw): 0 (flat)  0 (hierarchical)
    Elapsed: 0.020s  Memory: 1120.00M
"sized" in: drc_freepdk45.lydrc:91
    Polygons (raw): 0 (flat)  0 (hierarchical)
    Elapsed: 0.030s  Memory: 1120.00M
"sized" in: drc_freepdk45.lydrc:91
    Polygons (raw): 0 (flat)  0 (hierarchical)
    Elapsed: 0.030s  Memory: 1120.00M
"sized" in: drc_freepdk45.lydrc:91
    Polygons (raw): 0 (flat)  0 (hierarchical)
    Elapsed: 0.030s  Memory: 1120.00M
"sized" in: drc_freepdk45.lydrc:91
    Polygons (raw): 0 (flat)  0 (hierarchical)
    Elapsed: 0.020s  Memory: 1120.00M
"sized" in: drc_freepdk45.lydrc:91
    Polygons (raw): 0 (flat)  0 (hierarchical)
    Elapsed: 0.020s  Memory: 1120.00M
"sized" in: drc_freepdk45.lydrc:91
    Polygons (raw): 0 (flat)  0 (hierarchical)
    Elapsed: 0.020s  Memory: 1120.00M
"edges" in: drc_freepdk45.lydrc:205
    Edges: 0 (flat)  0 (hierarchical)
    Elapsed: 0.020s  Memory: 1120.00M
"with_length" in: drc_freepdk45.lydrc:205
    Edges: 0 (flat)  0 (hierarchical)
    Elapsed: 0.030s  Memory: 1120.00M
"space" in: drc_freepdk45.lydrc:205
    Edge pairs: 0 (flat)  0 (hierarchical)
    Elapsed: 0.020s  Memory: 1120.00M
"output" in: drc_freepdk45.lydrc:205
    Edge pairs: 0 (flat)  0 (hierarchical)
    Elapsed: 0.020s  Memory: 1120.00M
"edges" in: drc_freepdk45.lydrc:206
    Edges: 0 (flat)  0 (hierarchical)
    Elapsed: 0.030s  Memory: 1120.00M
"with_length" in: drc_freepdk45.lydrc:206
    Edges: 0 (flat)  0 (hierarchical)
    Elapsed: 0.010s  Memory: 1120.00M
"space" in: drc_freepdk45.lydrc:206
    Edge pairs: 0 (flat)  0 (hierarchical)
    Elapsed: 0.040s  Memory: 1120.00M
"output" in: drc_freepdk45.lydrc:206
    Edge pairs: 0 (flat)  0 (hierarchical)
    Elapsed: 0.030s  Memory: 1120.00M
"edges" in: drc_freepdk45.lydrc:207
    Edges: 0 (flat)  0 (hierarchical)
    Elapsed: 0.020s  Memory: 1120.00M
"with_length" in: drc_freepdk45.lydrc:207
    Edges: 0 (flat)  0 (hierarchical)
    Elapsed: 0.020s  Memory: 1120.00M
"space" in: drc_freepdk45.lydrc:207
    Edge pairs: 0 (flat)  0 (hierarchical)
    Elapsed: 0.030s  Memory: 1120.00M
"output" in: drc_freepdk45.lydrc:207
    Edge pairs: 0 (flat)  0 (hierarchical)
    Elapsed: 0.020s  Memory: 1120.00M
"edges" in: drc_freepdk45.lydrc:208
    Edges: 0 (flat)  0 (hierarchical)
    Elapsed: 0.030s  Memory: 1120.00M
"with_length" in: drc_freepdk45.lydrc:208
    Edges: 0 (flat)  0 (hierarchical)
    Elapsed: 0.020s  Memory: 1120.00M
"space" in: drc_freepdk45.lydrc:208
    Edge pairs: 0 (flat)  0 (hierarchical)
    Elapsed: 0.030s  Memory: 1120.00M
"output" in: drc_freepdk45.lydrc:208
    Edge pairs: 0 (flat)  0 (hierarchical)
    Elapsed: 0.020s  Memory: 1120.00M
"edges" in: drc_freepdk45.lydrc:209
    Edges: 0 (flat)  0 (hierarchical)
    Elapsed: 0.030s  Memory: 1120.00M
"with_length" in: drc_freepdk45.lydrc:209
    Edges: 0 (flat)  0 (hierarchical)
    Elapsed: 0.020s  Memory: 1120.00M
"space" in: drc_freepdk45.lydrc:209
    Edge pairs: 0 (flat)  0 (hierarchical)
    Elapsed: 0.020s  Memory: 1120.00M
"output" in: drc_freepdk45.lydrc:209
    Edge pairs: 0 (flat)  0 (hierarchical)
    Elapsed: 0.030s  Memory: 1120.00M
"edges" in: drc_freepdk45.lydrc:213
    Edges: 0 (flat)  0 (hierarchical)
    Elapsed: 0.030s  Memory: 1120.00M
"without_length" in: drc_freepdk45.lydrc:213
    Edges: 0 (flat)  0 (hierarchical)
    Elapsed: 0.020s  Memory: 1120.00M
"output" in: drc_freepdk45.lydrc:213
    Edges: 0 (flat)  0 (hierarchical)
    Elapsed: 0.030s  Memory: 1120.00M
"space" in: drc_freepdk45.lydrc:214
    Edge pairs: 0 (flat)  0 (hierarchical)
    Elapsed: 0.020s  Memory: 1120.00M
"output" in: drc_freepdk45.lydrc:214
    Edge pairs: 0 (flat)  0 (hierarchical)
    Elapsed: 0.020s  Memory: 1120.00M
"not" in: drc_freepdk45.lydrc:215
    Polygons (raw): 0 (flat)  0 (hierarchical)
    Elapsed: 0.020s  Memory: 1120.00M
"output" in: drc_freepdk45.lydrc:215
    Polygons (raw): 0 (flat)  0 (hierarchical)
    Elapsed: 0.020s  Memory: 1120.00M
"not" in: drc_freepdk45.lydrc:216
    Polygons (raw): 0 (flat)  0 (hierarchical)
    Elapsed: 0.020s  Memory: 1120.00M
"output" in: drc_freepdk45.lydrc:216
    Polygons (raw): 0 (flat)  0 (hierarchical)
    Elapsed: 0.030s  Memory: 1120.00M
"width" in: drc_freepdk45.lydrc:219
    Edge pairs: 0 (flat)  0 (hierarchical)
    Elapsed: 0.020s  Memory: 1120.00M
"output" in: drc_freepdk45.lydrc:219
    Edge pairs: 0 (flat)  0 (hierarchical)
    Elapsed: 0.020s  Memory: 1120.00M
"space" in: drc_freepdk45.lydrc:220
    Edge pairs: 0 (flat)  0 (hierarchical)
    Elapsed: 0.030s  Memory: 1136.00M
"output" in: drc_freepdk45.lydrc:220
    Edge pairs: 0 (flat)  0 (hierarchical)
    Elapsed: 0.020s  Memory: 1120.00M
"sized" in: drc_freepdk45.lydrc:91
    Polygons (raw): 0 (flat)  0 (hierarchical)
    Elapsed: 0.020s  Memory: 1120.00M
"sized" in: drc_freepdk45.lydrc:91
    Polygons (raw): 0 (flat)  0 (hierarchical)
    Elapsed: 0.030s  Memory: 1120.00M
"sized" in: drc_freepdk45.lydrc:91
    Polygons (raw): 0 (flat)  0 (hierarchical)
    Elapsed: 0.020s  Memory: 1120.00M
"sized" in: drc_freepdk45.lydrc:91
    Polygons (raw): 0 (flat)  0 (hierarchical)
    Elapsed: 0.020s  Memory: 1120.00M
"sized" in: drc_freepdk45.lydrc:91
    Polygons (raw): 0 (flat)  0 (hierarchical)
    Elapsed: 0.020s  Memory: 1120.00M
"sized" in: drc_freepdk45.lydrc:91
    Polygons (raw): 0 (flat)  0 (hierarchical)
    Elapsed: 0.030s  Memory: 1120.00M
"edges" in: drc_freepdk45.lydrc:222
    Edges: 0 (flat)  0 (hierarchical)
    Elapsed: 0.030s  Memory: 1120.00M
"with_length" in: drc_freepdk45.lydrc:222
    Edges: 0 (flat)  0 (hierarchical)
    Elapsed: 0.030s  Memory: 1120.00M
"space" in: drc_freepdk45.lydrc:222
    Edge pairs: 0 (flat)  0 (hierarchical)
    Elapsed: 0.030s  Memory: 1120.00M
"output" in: drc_freepdk45.lydrc:222
    Edge pairs: 0 (flat)  0 (hierarchical)
    Elapsed: 0.020s  Memory: 1120.00M
"edges" in: drc_freepdk45.lydrc:223
    Edges: 0 (flat)  0 (hierarchical)
    Elapsed: 0.020s  Memory: 1120.00M
"with_length" in: drc_freepdk45.lydrc:223
    Edges: 0 (flat)  0 (hierarchical)
    Elapsed: 0.020s  Memory: 1120.00M
"space" in: drc_freepdk45.lydrc:223
    Edge pairs: 0 (flat)  0 (hierarchical)
    Elapsed: 0.030s  Memory: 1120.00M
"output" in: drc_freepdk45.lydrc:223
    Edge pairs: 0 (flat)  0 (hierarchical)
    Elapsed: 0.020s  Memory: 1120.00M
"edges" in: drc_freepdk45.lydrc:224
    Edges: 0 (flat)  0 (hierarchical)
    Elapsed: 0.020s  Memory: 1120.00M
"with_length" in: drc_freepdk45.lydrc:224
    Edges: 0 (flat)  0 (hierarchical)
    Elapsed: 0.010s  Memory: 1120.00M
"space" in: drc_freepdk45.lydrc:224
    Edge pairs: 0 (flat)  0 (hierarchical)
    Elapsed: 0.030s  Memory: 1120.00M
"output" in: drc_freepdk45.lydrc:224
    Edge pairs: 0 (flat)  0 (hierarchical)
    Elapsed: 0.020s  Memory: 1120.00M
"edges" in: drc_freepdk45.lydrc:228
    Edges: 0 (flat)  0 (hierarchical)
    Elapsed: 0.030s  Memory: 1120.00M
"without_length" in: drc_freepdk45.lydrc:228
    Edges: 0 (flat)  0 (hierarchical)
    Elapsed: 0.030s  Memory: 1120.00M
"output" in: drc_freepdk45.lydrc:228
    Edges: 0 (flat)  0 (hierarchical)
    Elapsed: 0.020s  Memory: 1120.00M
"space" in: drc_freepdk45.lydrc:229
    Edge pairs: 0 (flat)  0 (hierarchical)
    Elapsed: 0.020s  Memory: 1120.00M
"output" in: drc_freepdk45.lydrc:229
    Edge pairs: 0 (flat)  0 (hierarchical)
    Elapsed: 0.030s  Memory: 1120.00M
"not" in: drc_freepdk45.lydrc:230
    Polygons (raw): 0 (flat)  0 (hierarchical)
    Elapsed: 0.030s  Memory: 1120.00M
"output" in: drc_freepdk45.lydrc:230
    Polygons (raw): 0 (flat)  0 (hierarchical)
    Elapsed: 0.010s  Memory: 1120.00M
"not" in: drc_freepdk45.lydrc:231
    Polygons (raw): 0 (flat)  0 (hierarchical)
    Elapsed: 0.020s  Memory: 1120.00M
"output" in: drc_freepdk45.lydrc:231
    Polygons (raw): 0 (flat)  0 (hierarchical)
    Elapsed: 0.020s  Memory: 1120.00M
"width" in: drc_freepdk45.lydrc:234
    Edge pairs: 0 (flat)  0 (hierarchical)
    Elapsed: 0.030s  Memory: 1120.00M
"output" in: drc_freepdk45.lydrc:234
    Edge pairs: 0 (flat)  0 (hierarchical)
    Elapsed: 0.020s  Memory: 1120.00M
"space" in: drc_freepdk45.lydrc:235
    Edge pairs: 0 (flat)  0 (hierarchical)
    Elapsed: 0.030s  Memory: 1120.00M
"output" in: drc_freepdk45.lydrc:235
    Edge pairs: 0 (flat)  0 (hierarchical)
    Elapsed: 0.030s  Memory: 1120.00M
"sized" in: drc_freepdk45.lydrc:91
    Polygons (raw): 0 (flat)  0 (hierarchical)
    Elapsed: 0.020s  Memory: 1120.00M
"sized" in: drc_freepdk45.lydrc:91
    Polygons (raw): 0 (flat)  0 (hierarchical)
    Elapsed: 0.030s  Memory: 1120.00M
"sized" in: drc_freepdk45.lydrc:91
    Polygons (raw): 0 (flat)  0 (hierarchical)
    Elapsed: 0.020s  Memory: 1120.00M
"sized" in: drc_freepdk45.lydrc:91
    Polygons (raw): 0 (flat)  0 (hierarchical)
    Elapsed: 0.020s  Memory: 1120.00M
"sized" in: drc_freepdk45.lydrc:91
    Polygons (raw): 0 (flat)  0 (hierarchical)
    Elapsed: 0.020s  Memory: 1120.00M
"sized" in: drc_freepdk45.lydrc:91
    Polygons (raw): 0 (flat)  0 (hierarchical)
    Elapsed: 0.030s  Memory: 1120.00M
"edges" in: drc_freepdk45.lydrc:237
    Edges: 0 (flat)  0 (hierarchical)
    Elapsed: 0.030s  Memory: 1120.00M
"with_length" in: drc_freepdk45.lydrc:237
    Edges: 0 (flat)  0 (hierarchical)
    Elapsed: 0.020s  Memory: 1120.00M
"space" in: drc_freepdk45.lydrc:237
    Edge pairs: 0 (flat)  0 (hierarchical)
    Elapsed: 0.010s  Memory: 1120.00M
"output" in: drc_freepdk45.lydrc:237
    Edge pairs: 0 (flat)  0 (hierarchical)
    Elapsed: 0.020s  Memory: 1120.00M
"edges" in: drc_freepdk45.lydrc:238
    Edges: 0 (flat)  0 (hierarchical)
    Elapsed: 0.040s  Memory: 1120.00M
"with_length" in: drc_freepdk45.lydrc:238
    Edges: 0 (flat)  0 (hierarchical)
    Elapsed: 0.020s  Memory: 1120.00M
"space" in: drc_freepdk45.lydrc:238
    Edge pairs: 0 (flat)  0 (hierarchical)
    Elapsed: 0.030s  Memory: 1128.00M
"output" in: drc_freepdk45.lydrc:238
    Edge pairs: 0 (flat)  0 (hierarchical)
    Elapsed: 0.020s  Memory: 1120.00M
"edges" in: drc_freepdk45.lydrc:239
    Edges: 0 (flat)  0 (hierarchical)
    Elapsed: 0.030s  Memory: 1120.00M
"with_length" in: drc_freepdk45.lydrc:239
    Edges: 0 (flat)  0 (hierarchical)
    Elapsed: 0.020s  Memory: 1120.00M
"space" in: drc_freepdk45.lydrc:239
    Edge pairs: 0 (flat)  0 (hierarchical)
    Elapsed: 0.030s  Memory: 1120.00M
"output" in: drc_freepdk45.lydrc:239
    Edge pairs: 0 (flat)  0 (hierarchical)
    Elapsed: 0.030s  Memory: 1120.00M
"edges" in: drc_freepdk45.lydrc:243
    Edges: 0 (flat)  0 (hierarchical)
    Elapsed: 0.020s  Memory: 1120.00M
"without_length" in: drc_freepdk45.lydrc:243
    Edges: 0 (flat)  0 (hierarchical)
    Elapsed: 0.030s  Memory: 1120.00M
"output" in: drc_freepdk45.lydrc:243
    Edges: 0 (flat)  0 (hierarchical)
    Elapsed: 0.020s  Memory: 1120.00M
"space" in: drc_freepdk45.lydrc:244
    Edge pairs: 0 (flat)  0 (hierarchical)
    Elapsed: 0.030s  Memory: 1120.00M
"output" in: drc_freepdk45.lydrc:244
    Edge pairs: 0 (flat)  0 (hierarchical)
    Elapsed: 0.030s  Memory: 1120.00M
"not" in: drc_freepdk45.lydrc:245
    Polygons (raw): 0 (flat)  0 (hierarchical)
    Elapsed: 0.020s  Memory: 1120.00M
"output" in: drc_freepdk45.lydrc:245
    Polygons (raw): 0 (flat)  0 (hierarchical)
    Elapsed: 0.030s  Memory: 1120.00M
"not" in: drc_freepdk45.lydrc:246
    Polygons (raw): 0 (flat)  0 (hierarchical)
    Elapsed: 0.020s  Memory: 1120.00M
"output" in: drc_freepdk45.lydrc:246
    Polygons (raw): 0 (flat)  0 (hierarchical)
    Elapsed: 0.030s  Memory: 1120.00M
"width" in: drc_freepdk45.lydrc:249
    Edge pairs: 0 (flat)  0 (hierarchical)
    Elapsed: 0.030s  Memory: 1120.00M
"output" in: drc_freepdk45.lydrc:249
    Edge pairs: 0 (flat)  0 (hierarchical)
    Elapsed: 0.020s  Memory: 1120.00M
"space" in: drc_freepdk45.lydrc:250
    Edge pairs: 0 (flat)  0 (hierarchical)
    Elapsed: 0.030s  Memory: 1120.00M
"output" in: drc_freepdk45.lydrc:250
    Edge pairs: 0 (flat)  0 (hierarchical)
    Elapsed: 0.020s  Memory: 1120.00M
"sized" in: drc_freepdk45.lydrc:91
    Polygons (raw): 0 (flat)  0 (hierarchical)
    Elapsed: 0.030s  Memory: 1120.00M
"sized" in: drc_freepdk45.lydrc:91
    Polygons (raw): 0 (flat)  0 (hierarchical)
    Elapsed: 0.010s  Memory: 1120.00M
"sized" in: drc_freepdk45.lydrc:91
    Polygons (raw): 0 (flat)  0 (hierarchical)
    Elapsed: 0.020s  Memory: 1120.00M
"sized" in: drc_freepdk45.lydrc:91
    Polygons (raw): 0 (flat)  0 (hierarchical)
    Elapsed: 0.030s  Memory: 1120.00M
"sized" in: drc_freepdk45.lydrc:91
    Polygons (raw): 0 (flat)  0 (hierarchical)
    Elapsed: 0.020s  Memory: 1120.00M
"sized" in: drc_freepdk45.lydrc:91
    Polygons (raw): 0 (flat)  0 (hierarchical)
    Elapsed: 0.020s  Memory: 1120.00M
"edges" in: drc_freepdk45.lydrc:252
    Edges: 0 (flat)  0 (hierarchical)
    Elapsed: 0.050s  Memory: 1120.00M
"with_length" in: drc_freepdk45.lydrc:252
    Edges: 0 (flat)  0 (hierarchical)
    Elapsed: 0.010s  Memory: 1120.00M
"space" in: drc_freepdk45.lydrc:252
    Edge pairs: 0 (flat)  0 (hierarchical)
    Elapsed: 0.020s  Memory: 1120.00M
"output" in: drc_freepdk45.lydrc:252
    Edge pairs: 0 (flat)  0 (hierarchical)
    Elapsed: 0.030s  Memory: 1120.00M
"edges" in: drc_freepdk45.lydrc:253
    Edges: 0 (flat)  0 (hierarchical)
    Elapsed: 0.020s  Memory: 1120.00M
"with_length" in: drc_freepdk45.lydrc:253
    Edges: 0 (flat)  0 (hierarchical)
    Elapsed: 0.040s  Memory: 1120.00M
"space" in: drc_freepdk45.lydrc:253
    Edge pairs: 0 (flat)  0 (hierarchical)
    Elapsed: 0.020s  Memory: 1120.00M
"output" in: drc_freepdk45.lydrc:253
    Edge pairs: 0 (flat)  0 (hierarchical)
    Elapsed: 0.030s  Memory: 1120.00M
"edges" in: drc_freepdk45.lydrc:254
    Edges: 0 (flat)  0 (hierarchical)
    Elapsed: 0.030s  Memory: 1120.00M
"with_length" in: drc_freepdk45.lydrc:254
    Edges: 0 (flat)  0 (hierarchical)
    Elapsed: 0.020s  Memory: 1120.00M
"space" in: drc_freepdk45.lydrc:254
    Edge pairs: 0 (flat)  0 (hierarchical)
    Elapsed: 0.030s  Memory: 1120.00M
"output" in: drc_freepdk45.lydrc:254
    Edge pairs: 0 (flat)  0 (hierarchical)
    Elapsed: 0.030s  Memory: 1120.00M
"edges" in: drc_freepdk45.lydrc:258
    Edges: 0 (flat)  0 (hierarchical)
    Elapsed: 0.030s  Memory: 1120.00M
"without_length" in: drc_freepdk45.lydrc:258
    Edges: 0 (flat)  0 (hierarchical)
    Elapsed: 0.030s  Memory: 1120.00M
"output" in: drc_freepdk45.lydrc:258
    Edges: 0 (flat)  0 (hierarchical)
    Elapsed: 0.020s  Memory: 1120.00M
"space" in: drc_freepdk45.lydrc:259
    Edge pairs: 0 (flat)  0 (hierarchical)
    Elapsed: 0.030s  Memory: 1120.00M
"output" in: drc_freepdk45.lydrc:259
    Edge pairs: 0 (flat)  0 (hierarchical)
    Elapsed: 0.020s  Memory: 1120.00M
"not" in: drc_freepdk45.lydrc:260
    Polygons (raw): 0 (flat)  0 (hierarchical)
    Elapsed: 0.020s  Memory: 1120.00M
"output" in: drc_freepdk45.lydrc:260
    Polygons (raw): 0 (flat)  0 (hierarchical)
    Elapsed: 0.020s  Memory: 1120.00M
"not" in: drc_freepdk45.lydrc:261
    Polygons (raw): 0 (flat)  0 (hierarchical)
    Elapsed: 0.020s  Memory: 1120.00M
"output" in: drc_freepdk45.lydrc:261
    Polygons (raw): 0 (flat)  0 (hierarchical)
    Elapsed: 0.020s  Memory: 1120.00M
"width" in: drc_freepdk45.lydrc:264
    Edge pairs: 0 (flat)  0 (hierarchical)
    Elapsed: 0.030s  Memory: 1120.00M
"output" in: drc_freepdk45.lydrc:264
    Edge pairs: 0 (flat)  0 (hierarchical)
    Elapsed: 0.020s  Memory: 1120.00M
"space" in: drc_freepdk45.lydrc:265
    Edge pairs: 0 (flat)  0 (hierarchical)
    Elapsed: 0.030s  Memory: 1120.00M
"output" in: drc_freepdk45.lydrc:265
    Edge pairs: 0 (flat)  0 (hierarchical)
    Elapsed: 0.040s  Memory: 1120.00M
"sized" in: drc_freepdk45.lydrc:91
    Polygons (raw): 0 (flat)  0 (hierarchical)
    Elapsed: 0.020s  Memory: 1120.00M
"sized" in: drc_freepdk45.lydrc:91
    Polygons (raw): 0 (flat)  0 (hierarchical)
    Elapsed: 0.020s  Memory: 1120.00M
"sized" in: drc_freepdk45.lydrc:91
    Polygons (raw): 0 (flat)  0 (hierarchical)
    Elapsed: 0.020s  Memory: 1120.00M
"sized" in: drc_freepdk45.lydrc:91
    Polygons (raw): 0 (flat)  0 (hierarchical)
    Elapsed: 0.020s  Memory: 1120.00M
"sized" in: drc_freepdk45.lydrc:91
    Polygons (raw): 0 (flat)  0 (hierarchical)
    Elapsed: 0.030s  Memory: 1120.00M
"sized" in: drc_freepdk45.lydrc:91
    Polygons (raw): 0 (flat)  0 (hierarchical)
    Elapsed: 0.030s  Memory: 1120.00M
"edges" in: drc_freepdk45.lydrc:267
    Edges: 0 (flat)  0 (hierarchical)
    Elapsed: 0.030s  Memory: 1120.00M
"with_length" in: drc_freepdk45.lydrc:267
    Edges: 0 (flat)  0 (hierarchical)
    Elapsed: 0.020s  Memory: 1120.00M
"space" in: drc_freepdk45.lydrc:267
    Edge pairs: 0 (flat)  0 (hierarchical)
    Elapsed: 0.030s  Memory: 1120.00M
"output" in: drc_freepdk45.lydrc:267
    Edge pairs: 0 (flat)  0 (hierarchical)
    Elapsed: 0.020s  Memory: 1120.00M
"edges" in: drc_freepdk45.lydrc:268
    Edges: 0 (flat)  0 (hierarchical)
    Elapsed: 0.020s  Memory: 1120.00M
"with_length" in: drc_freepdk45.lydrc:268
    Edges: 0 (flat)  0 (hierarchical)
    Elapsed: 0.020s  Memory: 1120.00M
"space" in: drc_freepdk45.lydrc:268
    Edge pairs: 0 (flat)  0 (hierarchical)
    Elapsed: 0.030s  Memory: 1120.00M
"output" in: drc_freepdk45.lydrc:268
    Edge pairs: 0 (flat)  0 (hierarchical)
    Elapsed: 0.030s  Memory: 1120.00M
"edges" in: drc_freepdk45.lydrc:269
    Edges: 0 (flat)  0 (hierarchical)
    Elapsed: 0.020s  Memory: 1120.00M
"with_length" in: drc_freepdk45.lydrc:269
    Edges: 0 (flat)  0 (hierarchical)
    Elapsed: 0.030s  Memory: 1120.00M
"space" in: drc_freepdk45.lydrc:269
    Edge pairs: 0 (flat)  0 (hierarchical)
    Elapsed: 0.040s  Memory: 1120.00M
"output" in: drc_freepdk45.lydrc:269
    Edge pairs: 0 (flat)  0 (hierarchical)
    Elapsed: 0.010s  Memory: 1120.00M
"edges" in: drc_freepdk45.lydrc:273
    Edges: 0 (flat)  0 (hierarchical)
    Elapsed: 0.030s  Memory: 1120.00M
"without_length" in: drc_freepdk45.lydrc:273
    Edges: 0 (flat)  0 (hierarchical)
    Elapsed: 0.020s  Memory: 1120.00M
"output" in: drc_freepdk45.lydrc:273
    Edges: 0 (flat)  0 (hierarchical)
    Elapsed: 0.020s  Memory: 1120.00M
"space" in: drc_freepdk45.lydrc:274
    Edge pairs: 0 (flat)  0 (hierarchical)
    Elapsed: 0.020s  Memory: 1120.00M
"output" in: drc_freepdk45.lydrc:274
    Edge pairs: 0 (flat)  0 (hierarchical)
    Elapsed: 0.030s  Memory: 1120.00M
"not" in: drc_freepdk45.lydrc:275
    Polygons (raw): 0 (flat)  0 (hierarchical)
    Elapsed: 0.020s  Memory: 1120.00M
"output" in: drc_freepdk45.lydrc:275
    Polygons (raw): 0 (flat)  0 (hierarchical)
    Elapsed: 0.020s  Memory: 1120.00M
"not" in: drc_freepdk45.lydrc:276
    Polygons (raw): 0 (flat)  0 (hierarchical)
    Elapsed: 0.030s  Memory: 1120.00M
"output" in: drc_freepdk45.lydrc:276
    Polygons (raw): 0 (flat)  0 (hierarchical)
    Elapsed: 0.020s  Memory: 1120.00M
"width" in: drc_freepdk45.lydrc:279
    Edge pairs: 0 (flat)  0 (hierarchical)
    Elapsed: 0.020s  Memory: 1120.00M
"output" in: drc_freepdk45.lydrc:279
    Edge pairs: 0 (flat)  0 (hierarchical)
    Elapsed: 0.020s  Memory: 1120.00M
"space" in: drc_freepdk45.lydrc:280
    Edge pairs: 0 (flat)  0 (hierarchical)
    Elapsed: 0.030s  Memory: 1120.00M
"output" in: drc_freepdk45.lydrc:280
    Edge pairs: 0 (flat)  0 (hierarchical)
    Elapsed: 0.020s  Memory: 1120.00M
"sized" in: drc_freepdk45.lydrc:91
    Polygons (raw): 0 (flat)  0 (hierarchical)
    Elapsed: 0.020s  Memory: 1120.00M
"sized" in: drc_freepdk45.lydrc:91
    Polygons (raw): 0 (flat)  0 (hierarchical)
    Elapsed: 0.030s  Memory: 1120.00M
"sized" in: drc_freepdk45.lydrc:91
    Polygons (raw): 0 (flat)  0 (hierarchical)
    Elapsed: 0.030s  Memory: 1120.00M
"sized" in: drc_freepdk45.lydrc:91
    Polygons (raw): 0 (flat)  0 (hierarchical)
    Elapsed: 0.020s  Memory: 1120.00M
"sized" in: drc_freepdk45.lydrc:91
    Polygons (raw): 0 (flat)  0 (hierarchical)
    Elapsed: 0.020s  Memory: 1120.00M
"sized" in: drc_freepdk45.lydrc:91
    Polygons (raw): 0 (flat)  0 (hierarchical)
    Elapsed: 0.020s  Memory: 1120.00M
"edges" in: drc_freepdk45.lydrc:282
    Edges: 0 (flat)  0 (hierarchical)
    Elapsed: 0.030s  Memory: 1120.00M
"with_length" in: drc_freepdk45.lydrc:282
    Edges: 0 (flat)  0 (hierarchical)
    Elapsed: 0.020s  Memory: 1120.00M
"space" in: drc_freepdk45.lydrc:282
    Edge pairs: 0 (flat)  0 (hierarchical)
    Elapsed: 0.030s  Memory: 1120.00M
"output" in: drc_freepdk45.lydrc:282
    Edge pairs: 0 (flat)  0 (hierarchical)
    Elapsed: 0.020s  Memory: 1120.00M
"edges" in: drc_freepdk45.lydrc:283
    Edges: 0 (flat)  0 (hierarchical)
    Elapsed: 0.030s  Memory: 1120.00M
"with_length" in: drc_freepdk45.lydrc:283
    Edges: 0 (flat)  0 (hierarchical)
    Elapsed: 0.020s  Memory: 1120.00M
"space" in: drc_freepdk45.lydrc:283
    Edge pairs: 0 (flat)  0 (hierarchical)
    Elapsed: 0.030s  Memory: 1120.00M
"output" in: drc_freepdk45.lydrc:283
    Edge pairs: 0 (flat)  0 (hierarchical)
    Elapsed: 0.020s  Memory: 1120.00M
"edges" in: drc_freepdk45.lydrc:284
    Edges: 0 (flat)  0 (hierarchical)
    Elapsed: 0.020s  Memory: 1120.00M
"with_length" in: drc_freepdk45.lydrc:284
    Edges: 0 (flat)  0 (hierarchical)
    Elapsed: 0.020s  Memory: 1120.00M
"space" in: drc_freepdk45.lydrc:284
    Edge pairs: 0 (flat)  0 (hierarchical)
    Elapsed: 0.030s  Memory: 1120.00M
"output" in: drc_freepdk45.lydrc:284
    Edge pairs: 0 (flat)  0 (hierarchical)
    Elapsed: 0.020s  Memory: 1120.00M
"edges" in: drc_freepdk45.lydrc:288
    Edges: 0 (flat)  0 (hierarchical)
    Elapsed: 0.020s  Memory: 1120.00M
"without_length" in: drc_freepdk45.lydrc:288
    Edges: 0 (flat)  0 (hierarchical)
    Elapsed: 0.030s  Memory: 1120.00M
"output" in: drc_freepdk45.lydrc:288
    Edges: 0 (flat)  0 (hierarchical)
    Elapsed: 0.020s  Memory: 1120.00M
"space" in: drc_freepdk45.lydrc:289
    Edge pairs: 0 (flat)  0 (hierarchical)
    Elapsed: 0.030s  Memory: 1120.00M
"output" in: drc_freepdk45.lydrc:289
    Edge pairs: 0 (flat)  0 (hierarchical)
    Elapsed: 0.020s  Memory: 1120.00M
"not" in: drc_freepdk45.lydrc:290
    Polygons (raw): 0 (flat)  0 (hierarchical)
    Elapsed: 0.020s  Memory: 1120.00M
"output" in: drc_freepdk45.lydrc:290
    Polygons (raw): 0 (flat)  0 (hierarchical)
    Elapsed: 0.030s  Memory: 1120.00M
"not" in: drc_freepdk45.lydrc:291
    Polygons (raw): 0 (flat)  0 (hierarchical)
    Elapsed: 0.020s  Memory: 1120.00M
"output" in: drc_freepdk45.lydrc:291
    Polygons (raw): 0 (flat)  0 (hierarchical)
    Elapsed: 0.020s  Memory: 1120.00M
"width" in: drc_freepdk45.lydrc:294
    Edge pairs: 0 (flat)  0 (hierarchical)
    Elapsed: 0.020s  Memory: 1120.00M
"output" in: drc_freepdk45.lydrc:294
    Edge pairs: 0 (flat)  0 (hierarchical)
    Elapsed: 0.030s  Memory: 1120.00M
"space" in: drc_freepdk45.lydrc:295
    Edge pairs: 0 (flat)  0 (hierarchical)
    Elapsed: 0.030s  Memory: 1120.00M
"output" in: drc_freepdk45.lydrc:295
    Edge pairs: 0 (flat)  0 (hierarchical)
    Elapsed: 0.020s  Memory: 1120.00M
"sized" in: drc_freepdk45.lydrc:91
    Polygons (raw): 0 (flat)  0 (hierarchical)
    Elapsed: 0.020s  Memory: 1120.00M
"sized" in: drc_freepdk45.lydrc:91
    Polygons (raw): 0 (flat)  0 (hierarchical)
    Elapsed: 0.030s  Memory: 1120.00M
"sized" in: drc_freepdk45.lydrc:91
    Polygons (raw): 0 (flat)  0 (hierarchical)
    Elapsed: 0.020s  Memory: 1120.00M
"sized" in: drc_freepdk45.lydrc:91
    Polygons (raw): 0 (flat)  0 (hierarchical)
    Elapsed: 0.020s  Memory: 1120.00M
"sized" in: drc_freepdk45.lydrc:91
    Polygons (raw): 0 (flat)  0 (hierarchical)
    Elapsed: 0.030s  Memory: 1120.00M
"sized" in: drc_freepdk45.lydrc:91
    Polygons (raw): 0 (flat)  0 (hierarchical)
    Elapsed: 0.030s  Memory: 1120.00M
"edges" in: drc_freepdk45.lydrc:297
    Edges: 0 (flat)  0 (hierarchical)
    Elapsed: 0.050s  Memory: 1120.00M
"with_length" in: drc_freepdk45.lydrc:297
    Edges: 0 (flat)  0 (hierarchical)
    Elapsed: 0.010s  Memory: 1120.00M
"space" in: drc_freepdk45.lydrc:297
    Edge pairs: 0 (flat)  0 (hierarchical)
    Elapsed: 0.040s  Memory: 1120.00M
"output" in: drc_freepdk45.lydrc:297
    Edge pairs: 0 (flat)  0 (hierarchical)
    Elapsed: 0.020s  Memory: 1120.00M
"edges" in: drc_freepdk45.lydrc:298
    Edges: 0 (flat)  0 (hierarchical)
    Elapsed: 0.020s  Memory: 1120.00M
"with_length" in: drc_freepdk45.lydrc:298
    Edges: 0 (flat)  0 (hierarchical)
    Elapsed: 0.020s  Memory: 1120.00M
"space" in: drc_freepdk45.lydrc:298
    Edge pairs: 0 (flat)  0 (hierarchical)
    Elapsed: 0.030s  Memory: 1120.00M
"output" in: drc_freepdk45.lydrc:298
    Edge pairs: 0 (flat)  0 (hierarchical)
    Elapsed: 0.020s  Memory: 1120.00M
"edges" in: drc_freepdk45.lydrc:299
    Edges: 0 (flat)  0 (hierarchical)
    Elapsed: 0.020s  Memory: 1120.00M
"with_length" in: drc_freepdk45.lydrc:299
    Edges: 0 (flat)  0 (hierarchical)
    Elapsed: 0.040s  Memory: 1120.00M
"space" in: drc_freepdk45.lydrc:299
    Edge pairs: 0 (flat)  0 (hierarchical)
    Elapsed: 0.020s  Memory: 1120.00M
"output" in: drc_freepdk45.lydrc:299
    Edge pairs: 0 (flat)  0 (hierarchical)
    Elapsed: 0.020s  Memory: 1120.00M
"edges" in: drc_freepdk45.lydrc:303
    Edges: 0 (flat)  0 (hierarchical)
    Elapsed: 0.050s  Memory: 1120.00M
"without_length" in: drc_freepdk45.lydrc:303
    Edges: 0 (flat)  0 (hierarchical)
    Elapsed: 0.030s  Memory: 1120.00M
"output" in: drc_freepdk45.lydrc:303
    Edges: 0 (flat)  0 (hierarchical)
    Elapsed: 0.020s  Memory: 1120.00M
"space" in: drc_freepdk45.lydrc:304
    Edge pairs: 0 (flat)  0 (hierarchical)
    Elapsed: 0.020s  Memory: 1120.00M
"output" in: drc_freepdk45.lydrc:304
    Edge pairs: 0 (flat)  0 (hierarchical)
    Elapsed: 0.020s  Memory: 1120.00M
"not" in: drc_freepdk45.lydrc:305
    Polygons (raw): 0 (flat)  0 (hierarchical)
    Elapsed: 0.020s  Memory: 1120.00M
"output" in: drc_freepdk45.lydrc:305
    Polygons (raw): 0 (flat)  0 (hierarchical)
    Elapsed: 0.010s  Memory: 1120.00M
"not" in: drc_freepdk45.lydrc:306
    Polygons (raw): 0 (flat)  0 (hierarchical)
    Elapsed: 0.020s  Memory: 1120.00M
"output" in: drc_freepdk45.lydrc:306
    Polygons (raw): 0 (flat)  0 (hierarchical)
    Elapsed: 0.020s  Memory: 1120.00M
"width" in: drc_freepdk45.lydrc:309
    Edge pairs: 0 (flat)  0 (hierarchical)
    Elapsed: 0.030s  Memory: 1120.00M
"output" in: drc_freepdk45.lydrc:309
    Edge pairs: 0 (flat)  0 (hierarchical)
    Elapsed: 0.020s  Memory: 1120.00M
"space" in: drc_freepdk45.lydrc:310
    Edge pairs: 0 (flat)  0 (hierarchical)
    Elapsed: 0.030s  Memory: 1120.00M
"output" in: drc_freepdk45.lydrc:310
    Edge pairs: 0 (flat)  0 (hierarchical)
    Elapsed: 0.030s  Memory: 1120.00M
"sized" in: drc_freepdk45.lydrc:91
    Polygons (raw): 0 (flat)  0 (hierarchical)
    Elapsed: 0.020s  Memory: 1120.00M
"sized" in: drc_freepdk45.lydrc:91
    Polygons (raw): 0 (flat)  0 (hierarchical)
    Elapsed: 0.020s  Memory: 1120.00M
"sized" in: drc_freepdk45.lydrc:91
    Polygons (raw): 0 (flat)  0 (hierarchical)
    Elapsed: 0.020s  Memory: 1120.00M
"sized" in: drc_freepdk45.lydrc:91
    Polygons (raw): 0 (flat)  0 (hierarchical)
    Elapsed: 0.030s  Memory: 1120.00M
"sized" in: drc_freepdk45.lydrc:91
    Polygons (raw): 0 (flat)  0 (hierarchical)
    Elapsed: 0.030s  Memory: 1120.00M
"sized" in: drc_freepdk45.lydrc:91
    Polygons (raw): 0 (flat)  0 (hierarchical)
    Elapsed: 0.020s  Memory: 1120.00M
"edges" in: drc_freepdk45.lydrc:312
    Edges: 0 (flat)  0 (hierarchical)
    Elapsed: 0.030s  Memory: 1120.00M
"with_length" in: drc_freepdk45.lydrc:312
    Edges: 0 (flat)  0 (hierarchical)
    Elapsed: 0.020s  Memory: 1120.00M
"space" in: drc_freepdk45.lydrc:312
    Edge pairs: 0 (flat)  0 (hierarchical)
    Elapsed: 0.030s  Memory: 1120.00M
"output" in: drc_freepdk45.lydrc:312
    Edge pairs: 0 (flat)  0 (hierarchical)
    Elapsed: 0.020s  Memory: 1120.00M
"edges" in: drc_freepdk45.lydrc:313
    Edges: 0 (flat)  0 (hierarchical)
    Elapsed: 0.030s  Memory: 1120.00M
"with_length" in: drc_freepdk45.lydrc:313
    Edges: 0 (flat)  0 (hierarchical)
    Elapsed: 0.020s  Memory: 1120.00M
"space" in: drc_freepdk45.lydrc:313
    Edge pairs: 0 (flat)  0 (hierarchical)
    Elapsed: 0.020s  Memory: 1120.00M
"output" in: drc_freepdk45.lydrc:313
    Edge pairs: 0 (flat)  0 (hierarchical)
    Elapsed: 0.010s  Memory: 1120.00M
"edges" in: drc_freepdk45.lydrc:314
    Edges: 0 (flat)  0 (hierarchical)
    Elapsed: 0.020s  Memory: 1120.00M
"with_length" in: drc_freepdk45.lydrc:314
    Edges: 0 (flat)  0 (hierarchical)
    Elapsed: 0.030s  Memory: 1120.00M
"space" in: drc_freepdk45.lydrc:314
    Edge pairs: 0 (flat)  0 (hierarchical)
    Elapsed: 0.030s  Memory: 1120.00M
"output" in: drc_freepdk45.lydrc:314
    Edge pairs: 0 (flat)  0 (hierarchical)
    Elapsed: 0.020s  Memory: 1120.00M
GRID section
"ongrid" in: drc_freepdk45.lydrc:332
    Edge pairs: 0 (flat)  0 (hierarchical)
    Elapsed: 0.030s  Memory: 1120.00M
"polygons" in: drc_freepdk45.lydrc:332
    Polygons (raw): 0 (flat)  0 (hierarchical)
    Elapsed: 0.020s  Memory: 1120.00M
"output" in: drc_freepdk45.lydrc:333
    Polygons (raw): 0 (flat)  0 (hierarchical)
    Elapsed: 0.030s  Memory: 1120.00M
"ongrid" in: drc_freepdk45.lydrc:332
    Edge pairs: 0 (flat)  0 (hierarchical)
    Elapsed: 0.020s  Memory: 1120.00M
"polygons" in: drc_freepdk45.lydrc:332
    Polygons (raw): 0 (flat)  0 (hierarchical)
    Elapsed: 0.030s  Memory: 1120.00M
"output" in: drc_freepdk45.lydrc:333
    Polygons (raw): 0 (flat)  0 (hierarchical)
    Elapsed: 0.030s  Memory: 1120.00M
"ongrid" in: drc_freepdk45.lydrc:332
    Edge pairs: 0 (flat)  0 (hierarchical)
    Elapsed: 0.030s  Memory: 1120.00M
"polygons" in: drc_freepdk45.lydrc:332
    Polygons (raw): 0 (flat)  0 (hierarchical)
    Elapsed: 0.020s  Memory: 1120.00M
"output" in: drc_freepdk45.lydrc:333
    Polygons (raw): 0 (flat)  0 (hierarchical)
    Elapsed: 0.030s  Memory: 1120.00M
"ongrid" in: drc_freepdk45.lydrc:332
    Edge pairs: 0 (flat)  0 (hierarchical)
    Elapsed: 0.040s  Memory: 1120.00M
"polygons" in: drc_freepdk45.lydrc:332
    Polygons (raw): 0 (flat)  0 (hierarchical)
    Elapsed: 0.000s  Memory: 1120.00M
"output" in: drc_freepdk45.lydrc:333
    Polygons (raw): 0 (flat)  0 (hierarchical)
    Elapsed: 0.020s  Memory: 1120.00M
"ongrid" in: drc_freepdk45.lydrc:332
    Edge pairs: 0 (flat)  0 (hierarchical)
    Elapsed: 0.010s  Memory: 1120.00M
"polygons" in: drc_freepdk45.lydrc:332
    Polygons (raw): 0 (flat)  0 (hierarchical)
    Elapsed: 0.020s  Memory: 1120.00M
"output" in: drc_freepdk45.lydrc:333
    Polygons (raw): 0 (flat)  0 (hierarchical)
    Elapsed: 0.010s  Memory: 1120.00M
"ongrid" in: drc_freepdk45.lydrc:332
    Edge pairs: 0 (flat)  0 (hierarchical)
    Elapsed: 0.010s  Memory: 1120.00M
"polygons" in: drc_freepdk45.lydrc:332
    Polygons (raw): 0 (flat)  0 (hierarchical)
    Elapsed: 0.010s  Memory: 1120.00M
"output" in: drc_freepdk45.lydrc:333
    Polygons (raw): 0 (flat)  0 (hierarchical)
    Elapsed: 0.020s  Memory: 1120.00M
"ongrid" in: drc_freepdk45.lydrc:332
    Edge pairs: 0 (flat)  0 (hierarchical)
    Elapsed: 0.010s  Memory: 1120.00M
"polygons" in: drc_freepdk45.lydrc:332
    Polygons (raw): 0 (flat)  0 (hierarchical)
    Elapsed: 0.020s  Memory: 1120.00M
"output" in: drc_freepdk45.lydrc:333
    Polygons (raw): 0 (flat)  0 (hierarchical)
    Elapsed: 0.020s  Memory: 1120.00M
"ongrid" in: drc_freepdk45.lydrc:332
    Edge pairs: 0 (flat)  0 (hierarchical)
    Elapsed: 0.020s  Memory: 1120.00M
"polygons" in: drc_freepdk45.lydrc:332
    Polygons (raw): 0 (flat)  0 (hierarchical)
    Elapsed: 0.030s  Memory: 1120.00M
"output" in: drc_freepdk45.lydrc:333
    Polygons (raw): 0 (flat)  0 (hierarchical)
    Elapsed: 0.030s  Memory: 1120.00M
"ongrid" in: drc_freepdk45.lydrc:332
    Edge pairs: 0 (flat)  0 (hierarchical)
    Elapsed: 0.020s  Memory: 1120.00M
"polygons" in: drc_freepdk45.lydrc:332
    Polygons (raw): 0 (flat)  0 (hierarchical)
    Elapsed: 0.020s  Memory: 1120.00M
"output" in: drc_freepdk45.lydrc:333
    Polygons (raw): 0 (flat)  0 (hierarchical)
    Elapsed: 0.020s  Memory: 1120.00M
"ongrid" in: drc_freepdk45.lydrc:332
    Edge pairs: 0 (flat)  0 (hierarchical)
    Elapsed: 0.020s  Memory: 1120.00M
"polygons" in: drc_freepdk45.lydrc:332
    Polygons (raw): 0 (flat)  0 (hierarchical)
    Elapsed: 0.010s  Memory: 1120.00M
"output" in: drc_freepdk45.lydrc:333
    Polygons (raw): 0 (flat)  0 (hierarchical)
    Elapsed: 0.020s  Memory: 1120.00M
"ongrid" in: drc_freepdk45.lydrc:332
    Edge pairs: 0 (flat)  0 (hierarchical)
    Elapsed: 0.010s  Memory: 1120.00M
"polygons" in: drc_freepdk45.lydrc:332
    Polygons (raw): 0 (flat)  0 (hierarchical)
    Elapsed: 0.010s  Memory: 1120.00M
"output" in: drc_freepdk45.lydrc:333
    Polygons (raw): 0 (flat)  0 (hierarchical)
    Elapsed: 0.020s  Memory: 1120.00M
"ongrid" in: drc_freepdk45.lydrc:332
    Edge pairs: 0 (flat)  0 (hierarchical)
    Elapsed: 0.010s  Memory: 1120.00M
"polygons" in: drc_freepdk45.lydrc:332
    Polygons (raw): 0 (flat)  0 (hierarchical)
    Elapsed: 0.010s  Memory: 1120.00M
"output" in: drc_freepdk45.lydrc:333
    Polygons (raw): 0 (flat)  0 (hierarchical)
    Elapsed: 0.020s  Memory: 1120.00M
"ongrid" in: drc_freepdk45.lydrc:332
    Edge pairs: 0 (flat)  0 (hierarchical)
    Elapsed: 0.010s  Memory: 1120.00M
"polygons" in: drc_freepdk45.lydrc:332
    Polygons (raw): 0 (flat)  0 (hierarchical)
    Elapsed: 0.030s  Memory: 1120.00M
"output" in: drc_freepdk45.lydrc:333
    Polygons (raw): 0 (flat)  0 (hierarchical)
    Elapsed: 0.020s  Memory: 1120.00M
"ongrid" in: drc_freepdk45.lydrc:332
    Edge pairs: 0 (flat)  0 (hierarchical)
    Elapsed: 0.020s  Memory: 1120.00M
"polygons" in: drc_freepdk45.lydrc:332
    Polygons (raw): 0 (flat)  0 (hierarchical)
    Elapsed: 0.020s  Memory: 1120.00M
"output" in: drc_freepdk45.lydrc:333
    Polygons (raw): 0 (flat)  0 (hierarchical)
    Elapsed: 0.020s  Memory: 1120.00M
"ongrid" in: drc_freepdk45.lydrc:332
    Edge pairs: 0 (flat)  0 (hierarchical)
    Elapsed: 0.020s  Memory: 1120.00M
"polygons" in: drc_freepdk45.lydrc:332
    Polygons (raw): 0 (flat)  0 (hierarchical)
    Elapsed: 0.020s  Memory: 1120.00M
"output" in: drc_freepdk45.lydrc:333
    Polygons (raw): 0 (flat)  0 (hierarchical)
    Elapsed: 0.030s  Memory: 1120.00M
"ongrid" in: drc_freepdk45.lydrc:332
    Edge pairs: 0 (flat)  0 (hierarchical)
    Elapsed: 0.030s  Memory: 1120.00M
"polygons" in: drc_freepdk45.lydrc:332
    Polygons (raw): 0 (flat)  0 (hierarchical)
    Elapsed: 0.030s  Memory: 1120.00M
"output" in: drc_freepdk45.lydrc:333
    Polygons (raw): 0 (flat)  0 (hierarchical)
    Elapsed: 0.030s  Memory: 1120.00M
"ongrid" in: drc_freepdk45.lydrc:332
    Edge pairs: 0 (flat)  0 (hierarchical)
    Elapsed: 0.030s  Memory: 1120.00M
"polygons" in: drc_freepdk45.lydrc:332
    Polygons (raw): 0 (flat)  0 (hierarchical)
    Elapsed: 0.020s  Memory: 1120.00M
"output" in: drc_freepdk45.lydrc:333
    Polygons (raw): 0 (flat)  0 (hierarchical)
    Elapsed: 0.030s  Memory: 1120.00M
"ongrid" in: drc_freepdk45.lydrc:332
    Edge pairs: 0 (flat)  0 (hierarchical)
    Elapsed: 0.020s  Memory: 1120.00M
"polygons" in: drc_freepdk45.lydrc:332
    Polygons (raw): 0 (flat)  0 (hierarchical)
    Elapsed: 0.030s  Memory: 1120.00M
"output" in: drc_freepdk45.lydrc:333
    Polygons (raw): 0 (flat)  0 (hierarchical)
    Elapsed: 0.020s  Memory: 1120.00M
"ongrid" in: drc_freepdk45.lydrc:332
    Edge pairs: 0 (flat)  0 (hierarchical)
    Elapsed: 0.020s  Memory: 1120.00M
"polygons" in: drc_freepdk45.lydrc:332
    Polygons (raw): 0 (flat)  0 (hierarchical)
    Elapsed: 0.020s  Memory: 1120.00M
"output" in: drc_freepdk45.lydrc:333
    Polygons (raw): 0 (flat)  0 (hierarchical)
    Elapsed: 0.030s  Memory: 1120.00M
"ongrid" in: drc_freepdk45.lydrc:332
    Edge pairs: 0 (flat)  0 (hierarchical)
    Elapsed: 0.020s  Memory: 1120.00M
"polygons" in: drc_freepdk45.lydrc:332
    Polygons (raw): 0 (flat)  0 (hierarchical)
    Elapsed: 0.030s  Memory: 1120.00M
"output" in: drc_freepdk45.lydrc:333
    Polygons (raw): 0 (flat)  0 (hierarchical)
    Elapsed: 0.020s  Memory: 1120.00M
"ongrid" in: drc_freepdk45.lydrc:332
    Edge pairs: 0 (flat)  0 (hierarchical)
    Elapsed: 0.020s  Memory: 1120.00M
"polygons" in: drc_freepdk45.lydrc:332
    Polygons (raw): 0 (flat)  0 (hierarchical)
    Elapsed: 0.020s  Memory: 1120.00M
"output" in: drc_freepdk45.lydrc:333
    Polygons (raw): 0 (flat)  0 (hierarchical)
    Elapsed: 0.030s  Memory: 1120.00M
"ongrid" in: drc_freepdk45.lydrc:332
    Edge pairs: 0 (flat)  0 (hierarchical)
    Elapsed: 0.020s  Memory: 1120.00M
"polygons" in: drc_freepdk45.lydrc:332
    Polygons (raw): 0 (flat)  0 (hierarchical)
    Elapsed: 0.020s  Memory: 1120.00M
"output" in: drc_freepdk45.lydrc:333
    Polygons (raw): 0 (flat)  0 (hierarchical)
    Elapsed: 0.020s  Memory: 1120.00M
"ongrid" in: drc_freepdk45.lydrc:332
    Edge pairs: 0 (flat)  0 (hierarchical)
    Elapsed: 0.020s  Memory: 1120.00M
"polygons" in: drc_freepdk45.lydrc:332
    Polygons (raw): 0 (flat)  0 (hierarchical)
    Elapsed: 0.020s  Memory: 1120.00M
"output" in: drc_freepdk45.lydrc:333
    Polygons (raw): 0 (flat)  0 (hierarchical)
    Elapsed: 0.030s  Memory: 1120.00M
"ongrid" in: drc_freepdk45.lydrc:332
    Edge pairs: 0 (flat)  0 (hierarchical)
    Elapsed: 0.020s  Memory: 1120.00M
"polygons" in: drc_freepdk45.lydrc:332
    Polygons (raw): 0 (flat)  0 (hierarchical)
    Elapsed: 0.030s  Memory: 1120.00M
"output" in: drc_freepdk45.lydrc:333
    Polygons (raw): 0 (flat)  0 (hierarchical)
    Elapsed: 0.010s  Memory: 1120.00M
"ongrid" in: drc_freepdk45.lydrc:332
    Edge pairs: 0 (flat)  0 (hierarchical)
    Elapsed: 0.020s  Memory: 1120.00M
"polygons" in: drc_freepdk45.lydrc:332
    Polygons (raw): 0 (flat)  0 (hierarchical)
    Elapsed: 0.020s  Memory: 1120.00M
"output" in: drc_freepdk45.lydrc:333
    Polygons (raw): 0 (flat)  0 (hierarchical)
    Elapsed: 0.030s  Memory: 1120.00M
"ongrid" in: drc_freepdk45.lydrc:332
    Edge pairs: 0 (flat)  0 (hierarchical)
    Elapsed: 0.020s  Memory: 1120.00M
"polygons" in: drc_freepdk45.lydrc:332
    Polygons (raw): 0 (flat)  0 (hierarchical)
    Elapsed: 0.020s  Memory: 1120.00M
"output" in: drc_freepdk45.lydrc:333
    Polygons (raw): 0 (flat)  0 (hierarchical)
    Elapsed: 0.030s  Memory: 1120.00M
"ongrid" in: drc_freepdk45.lydrc:332
    Edge pairs: 0 (flat)  0 (hierarchical)
    Elapsed: 0.020s  Memory: 1120.00M
"polygons" in: drc_freepdk45.lydrc:332
    Polygons (raw): 0 (flat)  0 (hierarchical)
    Elapsed: 0.020s  Memory: 1120.00M
"output" in: drc_freepdk45.lydrc:333
    Polygons (raw): 0 (flat)  0 (hierarchical)
    Elapsed: 0.020s  Memory: 1120.00M
"ongrid" in: drc_freepdk45.lydrc:332
    Edge pairs: 0 (flat)  0 (hierarchical)
    Elapsed: 0.010s  Memory: 1120.00M
"polygons" in: drc_freepdk45.lydrc:332
    Polygons (raw): 0 (flat)  0 (hierarchical)
    Elapsed: 0.030s  Memory: 1120.00M
"output" in: drc_freepdk45.lydrc:333
    Polygons (raw): 0 (flat)  0 (hierarchical)
    Elapsed: 0.020s  Memory: 1120.00M
ANTENNA section
"-" in: drc_freepdk45.lydrc:342
    Polygons (raw): 4 (flat)  2 (hierarchical)
    Elapsed: 0.030s  Memory: 1120.00M
"&" in: drc_freepdk45.lydrc:342
    Polygons (raw): 2 (flat)  1 (hierarchical)
    Elapsed: 0.050s  Memory: 1120.00M
"antenna_check" in: drc_freepdk45.lydrc:350
    Elapsed: 0.030s  Memory: 1120.00M
"antenna_check" in: drc_freepdk45.lydrc:350
    Polygons (raw): 0 (flat)  0 (hierarchical)
    Elapsed: 0.030s  Memory: 1120.00M
"output" in: drc_freepdk45.lydrc:350
    Polygons (raw): 0 (flat)  0 (hierarchical)
    Elapsed: 0.040s  Memory: 1120.00M
"antenna_check" in: drc_freepdk45.lydrc:356
    Elapsed: 0.020s  Memory: 1120.00M
"antenna_check" in: drc_freepdk45.lydrc:356
    Polygons (raw): 0 (flat)  0 (hierarchical)
    Elapsed: 0.040s  Memory: 1120.00M
"output" in: drc_freepdk45.lydrc:356
    Polygons (raw): 0 (flat)  0 (hierarchical)
    Elapsed: 0.040s  Memory: 1120.00M
"antenna_check" in: drc_freepdk45.lydrc:362
    Elapsed: 0.040s  Memory: 1120.00M
"antenna_check" in: drc_freepdk45.lydrc:362
    Polygons (raw): 0 (flat)  0 (hierarchical)
    Elapsed: 0.030s  Memory: 1120.00M
"output" in: drc_freepdk45.lydrc:362
    Polygons (raw): 0 (flat)  0 (hierarchical)
    Elapsed: 0.030s  Memory: 1120.00M
"antenna_check" in: drc_freepdk45.lydrc:368
    Elapsed: 0.030s  Memory: 1120.00M
"antenna_check" in: drc_freepdk45.lydrc:368
    Polygons (raw): 0 (flat)  0 (hierarchical)
    Elapsed: 0.020s  Memory: 1120.00M
"output" in: drc_freepdk45.lydrc:368
    Polygons (raw): 0 (flat)  0 (hierarchical)
    Elapsed: 0.030s  Memory: 1120.00M
"antenna_check" in: drc_freepdk45.lydrc:374
    Elapsed: 0.030s  Memory: 1120.00M
"antenna_check" in: drc_freepdk45.lydrc:374
    Polygons (raw): 0 (flat)  0 (hierarchical)
    Elapsed: 0.040s  Memory: 1120.00M
"output" in: drc_freepdk45.lydrc:374
    Polygons (raw): 0 (flat)  0 (hierarchical)
    Elapsed: 0.020s  Memory: 1120.00M
"antenna_check" in: drc_freepdk45.lydrc:380
    Elapsed: 0.020s  Memory: 1120.00M
"antenna_check" in: drc_freepdk45.lydrc:380
    Polygons (raw): 0 (flat)  0 (hierarchical)
    Elapsed: 0.030s  Memory: 1120.00M
"output" in: drc_freepdk45.lydrc:380
    Polygons (raw): 0 (flat)  0 (hierarchical)
    Elapsed: 0.030s  Memory: 1120.00M
"antenna_check" in: drc_freepdk45.lydrc:386
    Elapsed: 0.020s  Memory: 1120.00M
"antenna_check" in: drc_freepdk45.lydrc:386
    Polygons (raw): 0 (flat)  0 (hierarchical)
    Elapsed: 0.030s  Memory: 1120.00M
"output" in: drc_freepdk45.lydrc:386
    Polygons (raw): 0 (flat)  0 (hierarchical)
    Elapsed: 0.020s  Memory: 1120.00M
"antenna_check" in: drc_freepdk45.lydrc:392
    Elapsed: 0.020s  Memory: 1120.00M
"antenna_check" in: drc_freepdk45.lydrc:392
    Polygons (raw): 0 (flat)  0 (hierarchical)
    Elapsed: 0.030s  Memory: 1120.00M
"output" in: drc_freepdk45.lydrc:392
    Polygons (raw): 0 (flat)  0 (hierarchical)
    Elapsed: 0.020s  Memory: 1120.00M
"antenna_check" in: drc_freepdk45.lydrc:398
    Elapsed: 0.030s  Memory: 1120.00M
"antenna_check" in: drc_freepdk45.lydrc:398
    Polygons (raw): 0 (flat)  0 (hierarchical)
    Elapsed: 0.020s  Memory: 1120.00M
"output" in: drc_freepdk45.lydrc:398
    Polygons (raw): 0 (flat)  0 (hierarchical)
    Elapsed: 0.020s  Memory: 1120.00M
"antenna_check" in: drc_freepdk45.lydrc:404
    Elapsed: 0.020s  Memory: 1120.00M
"antenna_check" in: drc_freepdk45.lydrc:404
    Polygons (raw): 0 (flat)  0 (hierarchical)
    Elapsed: 0.020s  Memory: 1120.00M
"output" in: drc_freepdk45.lydrc:404
    Polygons (raw): 0 (flat)  0 (hierarchical)
    Elapsed: 0.020s  Memory: 1120.00M
Writing report database: /home/reinhard/INV_drclvs/drc_report.lyrdb ..
Total elapsed: 14.580s  Memory: 1120.00M
DRC finished at : 10:57:26  -  DRC duration =  0 hrs. 0 min. 14 sec.
